[debug] [2022-06-30T09:20:08.615Z] ----------------------------------------------------------------------
[debug] [2022-06-30T09:20:08.620Z] Command:       C:\Program Files\nodejs\node.exe C:\Users\Nam\AppData\Roaming\npm\node_modules\firebase-tools\lib\bin\firebase.js init
[debug] [2022-06-30T09:20:08.621Z] CLI Version:   11.1.0
[debug] [2022-06-30T09:20:08.621Z] Platform:      win32
[debug] [2022-06-30T09:20:08.621Z] Node Version:  v16.13.1
[debug] [2022-06-30T09:20:08.622Z] Time:          Thu Jun 30 2022 16:20:08 GMT+0700 (Giờ Đông Dương)
[debug] [2022-06-30T09:20:08.622Z] ----------------------------------------------------------------------
[debug] 
[debug] [2022-06-30T09:20:08.627Z] >>> [apiv2][query] GET https://firebase-public.firebaseio.com/cli.json [none]
[debug] [2022-06-30T09:20:08.676Z] > command requires scopes: ["email","openid","https://www.googleapis.com/auth/cloudplatformprojects.readonly","https://www.googleapis.com/auth/firebase","https://www.googleapis.com/auth/cloud-platform"]
[debug] [2022-06-30T09:20:08.676Z] > authorizing via signed-in user (nambeohihihaha96@gmail.com)
[info] 
     ######## #### ########  ######## ########     ###     ######  ########
     ##        ##  ##     ## ##       ##     ##  ##   ##  ##       ##
     ######    ##  ########  ######   ########  #########  ######  ######
     ##        ##  ##    ##  ##       ##     ## ##     ##       ## ##
     ##       #### ##     ## ######## ########  ##     ##  ######  ########

You're about to initialize a Firebase project in this directory:

  C:\Users\Nam\Desktop\React JS\pr1

[debug] [2022-06-30T09:20:09.518Z] <<< [apiv2][status] GET https://firebase-public.firebaseio.com/cli.json 200
[debug] [2022-06-30T09:20:09.518Z] <<< [apiv2][body] GET https://firebase-public.firebaseio.com/cli.json {"cloudBuildErrorAfter":1594252800000,"cloudBuildWarnAfter":1590019200000,"defaultNode10After":1594252800000,"minVersion":"3.0.5","node8DeploysDisabledAfter":1613390400000,"node8RuntimeDisabledAfter":1615809600000,"node8WarnAfter":1600128000000}
[debug] [2022-06-30T09:34:04.397Z] Error: kill ENOSYS
    at process.kill (node:internal/process/per_thread:215:13)
    at process.listener (C:\Users\Nam\AppData\Roaming\npm\node_modules\firebase-tools\node_modules\signal-exit\index.js:95:15)
    at process.emit (node:events:390:28)
[error] 
[error] Error: An unexpected error has occurred.
